2018-09-28 11:24:23 DEBUG AccountController:31 - com.homedirect.exception.ATMException: Khong tim thay du lieu
2018-09-28 11:25:14 DEBUG AccountController:31 - pickssss
2018-09-28 11:25:18 DEBUG AccountController:31 - pickssss
2018-09-28 11:25:19 DEBUG AccountController:31 - pickssss
2018-09-28 11:28:07 DEBUG AccountController:31 - pickssss
2018-09-28 11:28:07 DEBUG AccountController:23 - pickssss
2018-09-28 11:30:55 DEBUG AccountController:23 - 
2018-09-28 11:35:46 DEBUG AccountController:23 - 
2018-09-28 11:35:46 INFO  AccountController:26 - com.homedirect.exception.ATMException: Khong tim thay du lieu
2018-09-28 11:40:15 DEBUG AccountController:23 - 
2018-09-28 11:40:15 INFO  AccountController:24 - com.homedirect.exception.ATMException: Khong tim thay du lieu
2018-09-28 13:42:43 DEBUG AccountController:23 - 
2018-09-28 13:42:43 INFO  AccountController:24 - com.homedirect.exception.ATMException: Khong tim thay du lieu
2018-09-28 13:44:36 DEBUG AccountController:23 - 
2018-09-28 13:44:36 ERROR AccountController:24 - com.homedirect.exception.ATMException: Khong tim thay du lieu
2018-09-28 13:45:53 DEBUG AccountController:23 - Khong tim thay du lieu
2018-09-28 13:45:53 ERROR AccountController:24 - com.homedirect.exception.ATMException: Khong tim thay du lieu
2018-09-28 13:48:04 DEBUG AccountController:23 - Khong tim thay du lieu
2018-09-28 13:48:04 ERROR AccountController:24 - 
2018-09-28 13:48:59 DEBUG AccountController:23 - Khong tim thay du lieu
2018-09-28 13:48:59 ERROR AccountController:24 - Khong tim thay du lieu
2018-09-28 13:49:33 DEBUG AccountController:23 - Khong tim thay du lieu
2018-09-28 13:49:33 ERROR AccountController:24 - Khong tim thay du lieu
2018-09-28 13:49:57 DEBUG AccountController:23 - Du lieu khong hop le
2018-09-28 13:49:57 ERROR AccountController:24 - Du lieu khong hop le
2018-09-28 13:51:18 ERROR AccountController:23 - Du lieu khong hop le
2018-09-28 13:52:14 DEBUG AccountController:23 - com.homedirect.exception.ATMException: Du lieu khong hop le
2018-09-28 13:52:14 ERROR AccountController:24 - Du lieu khong hop le
2018-09-28 14:07:54 DEBUG AccountController:24 - com.homedirect.exception.ATMException: Du lieu khong hop le
2018-09-28 14:07:54 ERROR AccountController:25 - Du lieu khong hop le
2018-09-28 14:08:57 DEBUG AccountController:24 - com.homedirect.exception.ATMException: Khong tim thay du lieu
2018-09-28 14:08:57 ERROR AccountController:25 - Khong tim thay du lieu
